<?xml version="1.0" encoding="UTF-8"?>
<testsuite xmlns:xsi="http://www.w3.org/2001/XMLSchema-instance" xsi:noNamespaceSchemaLocation="https://maven.apache.org/surefire/maven-surefire-plugin/xsd/surefire-test-report.xsd" name="com.bonc.category.CategoryApplicationTests" time="2.713" tests="1" errors="0" skipped="0" failures="0">
  <properties>
    <property name="sun.desktop" value="windows"/>
    <property name="awt.toolkit" value="sun.awt.windows.WToolkit"/>
    <property name="file.encoding.pkg" value="sun.io"/>
    <property name="java.specification.version" value="1.8"/>
    <property name="sun.cpu.isalist" value="amd64"/>
    <property name="sun.jnu.encoding" value="GBK"/>
    <property name="java.class.path" value="D:\软件\WorkSpace\category\target\test-classes;D:\软件\WorkSpace\category\target\classes;G:\site\MavenRepository\maven_jar\org\springframework\boot\spring-boot-starter-web\2.4.1\spring-boot-starter-web-2.4.1.jar;G:\site\MavenRepository\maven_jar\org\springframework\boot\spring-boot-starter\2.4.1\spring-boot-starter-2.4.1.jar;G:\site\MavenRepository\maven_jar\org\springframework\boot\spring-boot\2.4.1\spring-boot-2.4.1.jar;G:\site\MavenRepository\maven_jar\org\springframework\boot\spring-boot-starter-logging\2.4.1\spring-boot-starter-logging-2.4.1.jar;G:\site\MavenRepository\maven_jar\ch\qos\logback\logback-classic\1.2.3\logback-classic-1.2.3.jar;G:\site\MavenRepository\maven_jar\ch\qos\logback\logback-core\1.2.3\logback-core-1.2.3.jar;G:\site\MavenRepository\maven_jar\org\apache\logging\log4j\log4j-to-slf4j\2.13.3\log4j-to-slf4j-2.13.3.jar;G:\site\MavenRepository\maven_jar\org\apache\logging\log4j\log4j-api\2.13.3\log4j-api-2.13.3.jar;G:\site\MavenRepository\maven_jar\org\slf4j\jul-to-slf4j\1.7.30\jul-to-slf4j-1.7.30.jar;G:\site\MavenRepository\maven_jar\jakarta\annotation\jakarta.annotation-api\1.3.5\jakarta.annotation-api-1.3.5.jar;G:\site\MavenRepository\maven_jar\org\yaml\snakeyaml\1.27\snakeyaml-1.27.jar;G:\site\MavenRepository\maven_jar\org\springframework\boot\spring-boot-starter-json\2.4.1\spring-boot-starter-json-2.4.1.jar;G:\site\MavenRepository\maven_jar\com\fasterxml\jackson\core\jackson-databind\2.11.3\jackson-databind-2.11.3.jar;G:\site\MavenRepository\maven_jar\com\fasterxml\jackson\core\jackson-annotations\2.11.3\jackson-annotations-2.11.3.jar;G:\site\MavenRepository\maven_jar\com\fasterxml\jackson\core\jackson-core\2.11.3\jackson-core-2.11.3.jar;G:\site\MavenRepository\maven_jar\com\fasterxml\jackson\datatype\jackson-datatype-jdk8\2.11.3\jackson-datatype-jdk8-2.11.3.jar;G:\site\MavenRepository\maven_jar\com\fasterxml\jackson\datatype\jackson-datatype-jsr310\2.11.3\jackson-datatype-jsr310-2.11.3.jar;G:\site\MavenRepository\maven_jar\com\fasterxml\jackson\module\jackson-module-parameter-names\2.11.3\jackson-module-parameter-names-2.11.3.jar;G:\site\MavenRepository\maven_jar\org\springframework\boot\spring-boot-starter-tomcat\2.4.1\spring-boot-starter-tomcat-2.4.1.jar;G:\site\MavenRepository\maven_jar\org\apache\tomcat\embed\tomcat-embed-core\9.0.41\tomcat-embed-core-9.0.41.jar;G:\site\MavenRepository\maven_jar\org\glassfish\jakarta.el\3.0.3\jakarta.el-3.0.3.jar;G:\site\MavenRepository\maven_jar\org\apache\tomcat\embed\tomcat-embed-websocket\9.0.41\tomcat-embed-websocket-9.0.41.jar;G:\site\MavenRepository\maven_jar\org\springframework\spring-web\5.3.2\spring-web-5.3.2.jar;G:\site\MavenRepository\maven_jar\org\springframework\spring-beans\5.3.2\spring-beans-5.3.2.jar;G:\site\MavenRepository\maven_jar\org\springframework\spring-webmvc\5.3.2\spring-webmvc-5.3.2.jar;G:\site\MavenRepository\maven_jar\org\springframework\spring-aop\5.3.2\spring-aop-5.3.2.jar;G:\site\MavenRepository\maven_jar\org\springframework\spring-context\5.3.2\spring-context-5.3.2.jar;G:\site\MavenRepository\maven_jar\org\springframework\spring-expression\5.3.2\spring-expression-5.3.2.jar;G:\site\MavenRepository\maven_jar\org\mybatis\spring\boot\mybatis-spring-boot-starter\2.1.4\mybatis-spring-boot-starter-2.1.4.jar;G:\site\MavenRepository\maven_jar\org\springframework\boot\spring-boot-starter-jdbc\2.4.1\spring-boot-starter-jdbc-2.4.1.jar;G:\site\MavenRepository\maven_jar\com\zaxxer\HikariCP\3.4.5\HikariCP-3.4.5.jar;G:\site\MavenRepository\maven_jar\org\springframework\spring-jdbc\5.3.2\spring-jdbc-5.3.2.jar;G:\site\MavenRepository\maven_jar\org\springframework\spring-tx\5.3.2\spring-tx-5.3.2.jar;G:\site\MavenRepository\maven_jar\org\mybatis\spring\boot\mybatis-spring-boot-autoconfigure\2.1.4\mybatis-spring-boot-autoconfigure-2.1.4.jar;G:\site\MavenRepository\maven_jar\org\mybatis\mybatis\3.5.6\mybatis-3.5.6.jar;G:\site\MavenRepository\maven_jar\org\mybatis\mybatis-spring\2.0.6\mybatis-spring-2.0.6.jar;G:\site\MavenRepository\maven_jar\com\baomidou\mybatis-plus-boot-starter\3.1.0\mybatis-plus-boot-starter-3.1.0.jar;G:\site\MavenRepository\maven_jar\com\baomidou\mybatis-plus\3.1.0\mybatis-plus-3.1.0.jar;G:\site\MavenRepository\maven_jar\org\springframework\boot\spring-boot-autoconfigure\2.4.1\spring-boot-autoconfigure-2.4.1.jar;G:\site\MavenRepository\maven_jar\com\baomidou\mybatis-plus-generator\3.2.0\mybatis-plus-generator-3.2.0.jar;G:\site\MavenRepository\maven_jar\com\baomidou\mybatis-plus-extension\3.2.0\mybatis-plus-extension-3.2.0.jar;G:\site\MavenRepository\maven_jar\com\baomidou\mybatis-plus-core\3.2.0\mybatis-plus-core-3.2.0.jar;G:\site\MavenRepository\maven_jar\com\baomidou\mybatis-plus-annotation\3.2.0\mybatis-plus-annotation-3.2.0.jar;G:\site\MavenRepository\maven_jar\com\github\jsqlparser\jsqlparser\2.1\jsqlparser-2.1.jar;G:\site\MavenRepository\maven_jar\org\apache\velocity\velocity-engine-core\2.0\velocity-engine-core-2.0.jar;G:\site\MavenRepository\maven_jar\org\apache\commons\commons-lang3\3.11\commons-lang3-3.11.jar;G:\site\MavenRepository\maven_jar\org\slf4j\slf4j-api\1.7.30\slf4j-api-1.7.30.jar;G:\site\MavenRepository\maven_jar\mysql\mysql-connector-java\8.0.22\mysql-connector-java-8.0.22.jar;G:\site\MavenRepository\maven_jar\org\projectlombok\lombok\1.18.16\lombok-1.18.16.jar;G:\site\MavenRepository\maven_jar\org\springframework\boot\spring-boot-starter-test\2.4.1\spring-boot-starter-test-2.4.1.jar;G:\site\MavenRepository\maven_jar\org\springframework\boot\spring-boot-test\2.4.1\spring-boot-test-2.4.1.jar;G:\site\MavenRepository\maven_jar\org\springframework\boot\spring-boot-test-autoconfigure\2.4.1\spring-boot-test-autoconfigure-2.4.1.jar;G:\site\MavenRepository\maven_jar\com\jayway\jsonpath\json-path\2.4.0\json-path-2.4.0.jar;G:\site\MavenRepository\maven_jar\net\minidev\json-smart\2.3\json-smart-2.3.jar;G:\site\MavenRepository\maven_jar\net\minidev\accessors-smart\1.2\accessors-smart-1.2.jar;G:\site\MavenRepository\maven_jar\org\ow2\asm\asm\5.0.4\asm-5.0.4.jar;G:\site\MavenRepository\maven_jar\jakarta\xml\bind\jakarta.xml.bind-api\2.3.3\jakarta.xml.bind-api-2.3.3.jar;G:\site\MavenRepository\maven_jar\jakarta\activation\jakarta.activation-api\1.2.2\jakarta.activation-api-1.2.2.jar;G:\site\MavenRepository\maven_jar\org\assertj\assertj-core\3.18.1\assertj-core-3.18.1.jar;G:\site\MavenRepository\maven_jar\org\hamcrest\hamcrest\2.2\hamcrest-2.2.jar;G:\site\MavenRepository\maven_jar\org\junit\jupiter\junit-jupiter\5.7.0\junit-jupiter-5.7.0.jar;G:\site\MavenRepository\maven_jar\org\junit\jupiter\junit-jupiter-api\5.7.0\junit-jupiter-api-5.7.0.jar;G:\site\MavenRepository\maven_jar\org\apiguardian\apiguardian-api\1.1.0\apiguardian-api-1.1.0.jar;G:\site\MavenRepository\maven_jar\org\opentest4j\opentest4j\1.2.0\opentest4j-1.2.0.jar;G:\site\MavenRepository\maven_jar\org\junit\platform\junit-platform-commons\1.7.0\junit-platform-commons-1.7.0.jar;G:\site\MavenRepository\maven_jar\org\junit\jupiter\junit-jupiter-params\5.7.0\junit-jupiter-params-5.7.0.jar;G:\site\MavenRepository\maven_jar\org\junit\jupiter\junit-jupiter-engine\5.7.0\junit-jupiter-engine-5.7.0.jar;G:\site\MavenRepository\maven_jar\org\junit\platform\junit-platform-engine\1.7.0\junit-platform-engine-1.7.0.jar;G:\site\MavenRepository\maven_jar\org\mockito\mockito-core\3.6.28\mockito-core-3.6.28.jar;G:\site\MavenRepository\maven_jar\net\bytebuddy\byte-buddy\1.10.18\byte-buddy-1.10.18.jar;G:\site\MavenRepository\maven_jar\net\bytebuddy\byte-buddy-agent\1.10.18\byte-buddy-agent-1.10.18.jar;G:\site\MavenRepository\maven_jar\org\objenesis\objenesis\3.1\objenesis-3.1.jar;G:\site\MavenRepository\maven_jar\org\mockito\mockito-junit-jupiter\3.6.28\mockito-junit-jupiter-3.6.28.jar;G:\site\MavenRepository\maven_jar\org\skyscreamer\jsonassert\1.5.0\jsonassert-1.5.0.jar;G:\site\MavenRepository\maven_jar\com\vaadin\external\google\android-json\0.0.20131108.vaadin1\android-json-0.0.20131108.vaadin1.jar;G:\site\MavenRepository\maven_jar\org\springframework\spring-core\5.3.2\spring-core-5.3.2.jar;G:\site\MavenRepository\maven_jar\org\springframework\spring-jcl\5.3.2\spring-jcl-5.3.2.jar;G:\site\MavenRepository\maven_jar\org\springframework\spring-test\5.3.2\spring-test-5.3.2.jar;G:\site\MavenRepository\maven_jar\org\xmlunit\xmlunit-core\2.7.0\xmlunit-core-2.7.0.jar;G:\site\MavenRepository\maven_jar\junit\junit\4.11\junit-4.11.jar;G:\site\MavenRepository\maven_jar\org\hamcrest\hamcrest-core\2.2\hamcrest-core-2.2.jar;"/>
    <property name="java.vm.vendor" value="Oracle Corporation"/>
    <property name="sun.arch.data.model" value="64"/>
    <property name="user.variant" value=""/>
    <property name="java.vendor.url" value="http://java.oracle.com/"/>
    <property name="user.timezone" value="Asia/Shanghai"/>
    <property name="java.vm.specification.version" value="1.8"/>
    <property name="os.name" value="Windows 10"/>
    <property name="user.country" value="CN"/>
    <property name="sun.java.launcher" value="SUN_STANDARD"/>
    <property name="sun.boot.library.path" value="C:\Program Files\Java\jdk1.8.0_111\jre\bin"/>
    <property name="sun.java.command" value="C:\Users\admin\AppData\Local\Temp\surefire7714170886722400173\surefirebooter1914021090086184463.jar C:\Users\admin\AppData\Local\Temp\surefire7714170886722400173 2021-01-06T17-13-41_781-jvmRun1 surefire1118220481487391254tmp surefire_06673697059991501503tmp"/>
    <property name="surefire.test.class.path" value="D:\软件\WorkSpace\category\target\test-classes;D:\软件\WorkSpace\category\target\classes;G:\site\MavenRepository\maven_jar\org\springframework\boot\spring-boot-starter-web\2.4.1\spring-boot-starter-web-2.4.1.jar;G:\site\MavenRepository\maven_jar\org\springframework\boot\spring-boot-starter\2.4.1\spring-boot-starter-2.4.1.jar;G:\site\MavenRepository\maven_jar\org\springframework\boot\spring-boot\2.4.1\spring-boot-2.4.1.jar;G:\site\MavenRepository\maven_jar\org\springframework\boot\spring-boot-starter-logging\2.4.1\spring-boot-starter-logging-2.4.1.jar;G:\site\MavenRepository\maven_jar\ch\qos\logback\logback-classic\1.2.3\logback-classic-1.2.3.jar;G:\site\MavenRepository\maven_jar\ch\qos\logback\logback-core\1.2.3\logback-core-1.2.3.jar;G:\site\MavenRepository\maven_jar\org\apache\logging\log4j\log4j-to-slf4j\2.13.3\log4j-to-slf4j-2.13.3.jar;G:\site\MavenRepository\maven_jar\org\apache\logging\log4j\log4j-api\2.13.3\log4j-api-2.13.3.jar;G:\site\MavenRepository\maven_jar\org\slf4j\jul-to-slf4j\1.7.30\jul-to-slf4j-1.7.30.jar;G:\site\MavenRepository\maven_jar\jakarta\annotation\jakarta.annotation-api\1.3.5\jakarta.annotation-api-1.3.5.jar;G:\site\MavenRepository\maven_jar\org\yaml\snakeyaml\1.27\snakeyaml-1.27.jar;G:\site\MavenRepository\maven_jar\org\springframework\boot\spring-boot-starter-json\2.4.1\spring-boot-starter-json-2.4.1.jar;G:\site\MavenRepository\maven_jar\com\fasterxml\jackson\core\jackson-databind\2.11.3\jackson-databind-2.11.3.jar;G:\site\MavenRepository\maven_jar\com\fasterxml\jackson\core\jackson-annotations\2.11.3\jackson-annotations-2.11.3.jar;G:\site\MavenRepository\maven_jar\com\fasterxml\jackson\core\jackson-core\2.11.3\jackson-core-2.11.3.jar;G:\site\MavenRepository\maven_jar\com\fasterxml\jackson\datatype\jackson-datatype-jdk8\2.11.3\jackson-datatype-jdk8-2.11.3.jar;G:\site\MavenRepository\maven_jar\com\fasterxml\jackson\datatype\jackson-datatype-jsr310\2.11.3\jackson-datatype-jsr310-2.11.3.jar;G:\site\MavenRepository\maven_jar\com\fasterxml\jackson\module\jackson-module-parameter-names\2.11.3\jackson-module-parameter-names-2.11.3.jar;G:\site\MavenRepository\maven_jar\org\springframework\boot\spring-boot-starter-tomcat\2.4.1\spring-boot-starter-tomcat-2.4.1.jar;G:\site\MavenRepository\maven_jar\org\apache\tomcat\embed\tomcat-embed-core\9.0.41\tomcat-embed-core-9.0.41.jar;G:\site\MavenRepository\maven_jar\org\glassfish\jakarta.el\3.0.3\jakarta.el-3.0.3.jar;G:\site\MavenRepository\maven_jar\org\apache\tomcat\embed\tomcat-embed-websocket\9.0.41\tomcat-embed-websocket-9.0.41.jar;G:\site\MavenRepository\maven_jar\org\springframework\spring-web\5.3.2\spring-web-5.3.2.jar;G:\site\MavenRepository\maven_jar\org\springframework\spring-beans\5.3.2\spring-beans-5.3.2.jar;G:\site\MavenRepository\maven_jar\org\springframework\spring-webmvc\5.3.2\spring-webmvc-5.3.2.jar;G:\site\MavenRepository\maven_jar\org\springframework\spring-aop\5.3.2\spring-aop-5.3.2.jar;G:\site\MavenRepository\maven_jar\org\springframework\spring-context\5.3.2\spring-context-5.3.2.jar;G:\site\MavenRepository\maven_jar\org\springframework\spring-expression\5.3.2\spring-expression-5.3.2.jar;G:\site\MavenRepository\maven_jar\org\mybatis\spring\boot\mybatis-spring-boot-starter\2.1.4\mybatis-spring-boot-starter-2.1.4.jar;G:\site\MavenRepository\maven_jar\org\springframework\boot\spring-boot-starter-jdbc\2.4.1\spring-boot-starter-jdbc-2.4.1.jar;G:\site\MavenRepository\maven_jar\com\zaxxer\HikariCP\3.4.5\HikariCP-3.4.5.jar;G:\site\MavenRepository\maven_jar\org\springframework\spring-jdbc\5.3.2\spring-jdbc-5.3.2.jar;G:\site\MavenRepository\maven_jar\org\springframework\spring-tx\5.3.2\spring-tx-5.3.2.jar;G:\site\MavenRepository\maven_jar\org\mybatis\spring\boot\mybatis-spring-boot-autoconfigure\2.1.4\mybatis-spring-boot-autoconfigure-2.1.4.jar;G:\site\MavenRepository\maven_jar\org\mybatis\mybatis\3.5.6\mybatis-3.5.6.jar;G:\site\MavenRepository\maven_jar\org\mybatis\mybatis-spring\2.0.6\mybatis-spring-2.0.6.jar;G:\site\MavenRepository\maven_jar\com\baomidou\mybatis-plus-boot-starter\3.1.0\mybatis-plus-boot-starter-3.1.0.jar;G:\site\MavenRepository\maven_jar\com\baomidou\mybatis-plus\3.1.0\mybatis-plus-3.1.0.jar;G:\site\MavenRepository\maven_jar\org\springframework\boot\spring-boot-autoconfigure\2.4.1\spring-boot-autoconfigure-2.4.1.jar;G:\site\MavenRepository\maven_jar\com\baomidou\mybatis-plus-generator\3.2.0\mybatis-plus-generator-3.2.0.jar;G:\site\MavenRepository\maven_jar\com\baomidou\mybatis-plus-extension\3.2.0\mybatis-plus-extension-3.2.0.jar;G:\site\MavenRepository\maven_jar\com\baomidou\mybatis-plus-core\3.2.0\mybatis-plus-core-3.2.0.jar;G:\site\MavenRepository\maven_jar\com\baomidou\mybatis-plus-annotation\3.2.0\mybatis-plus-annotation-3.2.0.jar;G:\site\MavenRepository\maven_jar\com\github\jsqlparser\jsqlparser\2.1\jsqlparser-2.1.jar;G:\site\MavenRepository\maven_jar\org\apache\velocity\velocity-engine-core\2.0\velocity-engine-core-2.0.jar;G:\site\MavenRepository\maven_jar\org\apache\commons\commons-lang3\3.11\commons-lang3-3.11.jar;G:\site\MavenRepository\maven_jar\org\slf4j\slf4j-api\1.7.30\slf4j-api-1.7.30.jar;G:\site\MavenRepository\maven_jar\mysql\mysql-connector-java\8.0.22\mysql-connector-java-8.0.22.jar;G:\site\MavenRepository\maven_jar\org\projectlombok\lombok\1.18.16\lombok-1.18.16.jar;G:\site\MavenRepository\maven_jar\org\springframework\boot\spring-boot-starter-test\2.4.1\spring-boot-starter-test-2.4.1.jar;G:\site\MavenRepository\maven_jar\org\springframework\boot\spring-boot-test\2.4.1\spring-boot-test-2.4.1.jar;G:\site\MavenRepository\maven_jar\org\springframework\boot\spring-boot-test-autoconfigure\2.4.1\spring-boot-test-autoconfigure-2.4.1.jar;G:\site\MavenRepository\maven_jar\com\jayway\jsonpath\json-path\2.4.0\json-path-2.4.0.jar;G:\site\MavenRepository\maven_jar\net\minidev\json-smart\2.3\json-smart-2.3.jar;G:\site\MavenRepository\maven_jar\net\minidev\accessors-smart\1.2\accessors-smart-1.2.jar;G:\site\MavenRepository\maven_jar\org\ow2\asm\asm\5.0.4\asm-5.0.4.jar;G:\site\MavenRepository\maven_jar\jakarta\xml\bind\jakarta.xml.bind-api\2.3.3\jakarta.xml.bind-api-2.3.3.jar;G:\site\MavenRepository\maven_jar\jakarta\activation\jakarta.activation-api\1.2.2\jakarta.activation-api-1.2.2.jar;G:\site\MavenRepository\maven_jar\org\assertj\assertj-core\3.18.1\assertj-core-3.18.1.jar;G:\site\MavenRepository\maven_jar\org\hamcrest\hamcrest\2.2\hamcrest-2.2.jar;G:\site\MavenRepository\maven_jar\org\junit\jupiter\junit-jupiter\5.7.0\junit-jupiter-5.7.0.jar;G:\site\MavenRepository\maven_jar\org\junit\jupiter\junit-jupiter-api\5.7.0\junit-jupiter-api-5.7.0.jar;G:\site\MavenRepository\maven_jar\org\apiguardian\apiguardian-api\1.1.0\apiguardian-api-1.1.0.jar;G:\site\MavenRepository\maven_jar\org\opentest4j\opentest4j\1.2.0\opentest4j-1.2.0.jar;G:\site\MavenRepository\maven_jar\org\junit\platform\junit-platform-commons\1.7.0\junit-platform-commons-1.7.0.jar;G:\site\MavenRepository\maven_jar\org\junit\jupiter\junit-jupiter-params\5.7.0\junit-jupiter-params-5.7.0.jar;G:\site\MavenRepository\maven_jar\org\junit\jupiter\junit-jupiter-engine\5.7.0\junit-jupiter-engine-5.7.0.jar;G:\site\MavenRepository\maven_jar\org\junit\platform\junit-platform-engine\1.7.0\junit-platform-engine-1.7.0.jar;G:\site\MavenRepository\maven_jar\org\mockito\mockito-core\3.6.28\mockito-core-3.6.28.jar;G:\site\MavenRepository\maven_jar\net\bytebuddy\byte-buddy\1.10.18\byte-buddy-1.10.18.jar;G:\site\MavenRepository\maven_jar\net\bytebuddy\byte-buddy-agent\1.10.18\byte-buddy-agent-1.10.18.jar;G:\site\MavenRepository\maven_jar\org\objenesis\objenesis\3.1\objenesis-3.1.jar;G:\site\MavenRepository\maven_jar\org\mockito\mockito-junit-jupiter\3.6.28\mockito-junit-jupiter-3.6.28.jar;G:\site\MavenRepository\maven_jar\org\skyscreamer\jsonassert\1.5.0\jsonassert-1.5.0.jar;G:\site\MavenRepository\maven_jar\com\vaadin\external\google\android-json\0.0.20131108.vaadin1\android-json-0.0.20131108.vaadin1.jar;G:\site\MavenRepository\maven_jar\org\springframework\spring-core\5.3.2\spring-core-5.3.2.jar;G:\site\MavenRepository\maven_jar\org\springframework\spring-jcl\5.3.2\spring-jcl-5.3.2.jar;G:\site\MavenRepository\maven_jar\org\springframework\spring-test\5.3.2\spring-test-5.3.2.jar;G:\site\MavenRepository\maven_jar\org\xmlunit\xmlunit-core\2.7.0\xmlunit-core-2.7.0.jar;G:\site\MavenRepository\maven_jar\junit\junit\4.11\junit-4.11.jar;G:\site\MavenRepository\maven_jar\org\hamcrest\hamcrest-core\2.2\hamcrest-core-2.2.jar;"/>
    <property name="sun.cpu.endian" value="little"/>
    <property name="user.home" value="C:\Users\admin"/>
    <property name="user.language" value="zh"/>
    <property name="java.specification.vendor" value="Oracle Corporation"/>
    <property name="java.home" value="C:\Program Files\Java\jdk1.8.0_111\jre"/>
    <property name="basedir" value="D:\软件\WorkSpace\category"/>
    <property name="file.separator" value="\"/>
    <property name="line.separator" value="&#10;"/>
    <property name="java.vm.specification.vendor" value="Oracle Corporation"/>
    <property name="java.specification.name" value="Java Platform API Specification"/>
    <property name="java.awt.graphicsenv" value="sun.awt.Win32GraphicsEnvironment"/>
    <property name="surefire.real.class.path" value="C:\Users\admin\AppData\Local\Temp\surefire7714170886722400173\surefirebooter1914021090086184463.jar"/>
    <property name="sun.boot.class.path" value="C:\Program Files\Java\jdk1.8.0_111\jre\lib\resources.jar;C:\Program Files\Java\jdk1.8.0_111\jre\lib\rt.jar;C:\Program Files\Java\jdk1.8.0_111\jre\lib\sunrsasign.jar;C:\Program Files\Java\jdk1.8.0_111\jre\lib\jsse.jar;C:\Program Files\Java\jdk1.8.0_111\jre\lib\jce.jar;C:\Program Files\Java\jdk1.8.0_111\jre\lib\charsets.jar;C:\Program Files\Java\jdk1.8.0_111\jre\lib\jfr.jar;C:\Program Files\Java\jdk1.8.0_111\jre\classes"/>
    <property name="user.script" value=""/>
    <property name="sun.management.compiler" value="HotSpot 64-Bit Tiered Compilers"/>
    <property name="java.runtime.version" value="1.8.0_111-b14"/>
    <property name="user.name" value="admin"/>
    <property name="path.separator" value=";"/>
    <property name="os.version" value="10.0"/>
    <property name="java.endorsed.dirs" value="C:\Program Files\Java\jdk1.8.0_111\jre\lib\endorsed"/>
    <property name="java.runtime.name" value="Java(TM) SE Runtime Environment"/>
    <property name="file.encoding" value="GBK"/>
    <property name="java.vm.name" value="Java HotSpot(TM) 64-Bit Server VM"/>
    <property name="idea.version2020.1" value="true"/>
    <property name="localRepository" value="G:\site\MavenRepository\maven_jar"/>
    <property name="java.vendor.url.bug" value="http://bugreport.sun.com/bugreport/"/>
    <property name="java.io.tmpdir" value="C:\Users\admin\AppData\Local\Temp\"/>
    <property name="java.version" value="1.8.0_111"/>
    <property name="user.dir" value="D:\软件\WorkSpace\category"/>
    <property name="os.arch" value="amd64"/>
    <property name="java.vm.specification.name" value="Java Virtual Machine Specification"/>
    <property name="java.awt.printerjob" value="sun.awt.windows.WPrinterJob"/>
    <property name="sun.os.patch.level" value=""/>
    <property name="java.library.path" value="C:\Program Files\Java\jdk1.8.0_111\jre\bin;C:\Windows\Sun\Java\bin;C:\Windows\system32;C:\Windows;C:\ProgramData\Oracle\Java\javapath;C:\Windows\system32;C:\Windows;C:\Windows\System32\Wbem;C:\Windows\System32\WindowsPowerShell\v1.0\;C:\Windows\System32\OpenSSH\;C:\Program Files\NVIDIA Corporation\NVIDIA NvDLISR;C:\Program Files (x86)\NVIDIA Corporation\PhysX\Common;C:\Program Files\Java\jdk1.8.0_111\bin;C:\Program Files\Java\jdk1.8.0_111\jre\bin;G:\site\server\apache-tomcat-8.5.38\bin;G:\site\apache-maven-3.6.3\bin;G:\site\server\mysql-8.0.21-winx64\bin;%CATALINA_HOME%\bin;D:\hadoop-2.7.1\bin;C:\Program Files\Redis\;G:\site\server\nodejs\;G:\Git\cmd;C:\Users\admin\AppData\Local\Microsoft\WindowsApps;G:\site\server\nodejs\node_global;;G:\site\server\Microsoft VS Code\bin;."/>
    <property name="java.vm.info" value="mixed mode"/>
    <property name="java.vendor" value="Oracle Corporation"/>
    <property name="java.vm.version" value="25.111-b14"/>
    <property name="java.ext.dirs" value="C:\Program Files\Java\jdk1.8.0_111\jre\lib\ext;C:\Windows\Sun\Java\lib\ext"/>
    <property name="sun.io.unicode.encoding" value="UnicodeLittle"/>
    <property name="java.class.version" value="52.0"/>
  </properties>
  <testcase name="contextLoads" classname="com.bonc.category.CategoryApplicationTests" time="0.42"/>
</testsuite>